2022.09.10 09:05:09 INFO  tracing is disabled for protocol LSP, to enable tracing of incoming and outgoing JSON messages create an empty file at /home/tim/THM/feedbacksystem/.metals/lsp.trace.json or /home/tim/.cache/metals/lsp.trace.json
2022.09.10 09:05:10 INFO  logging to file /home/tim/THM/feedbacksystem/.metals/metals.log
2022.09.10 09:05:10 INFO  Started: Metals version 0.11.8 in workspace '/home/tim/THM/feedbacksystem' for client Visual Studio Code 1.71.0.
2022.09.10 09:05:12 WARN  Flyway upgrade recommended: H2 2.1.214 is newer than this version of Flyway and support has not been tested. The latest supported version of H2 is 2.1.210.
2022.09.10 09:05:13 INFO  time: initialize in 3.17s
2022.09.10 09:05:15 WARN  Build server is not auto-connectable.
2022.09.10 09:05:16 WARN  no build target for: /home/tim/THM/feedbacksystem/modules/fbs-core/api/src/main/scala/de/thm/ii/fbs/controller/CourseController.scala
2022.09.10 09:05:16 WARN  no build target for: /home/tim/THM/feedbacksystem/modules/fbs-core/api/src/main/scala/de/thm/ii/fbs/controller/CourseRegistrationController.scala
2022.09.10 09:05:27 INFO  no build target found for /home/tim/THM/feedbacksystem/modules/fbs-core/api/src/main/scala/de/thm/ii/fbs/controller/CourseController.scala. Using presentation compiler with project's scala-library version: 3.1.3
2022.09.10 09:05:31 INFO  time: code lens generation in 9.16s
2022.09.10 09:05:31 INFO  time: code lens generation in 14s
2022.09.10 09:05:31 INFO  time: code lens generation in 10s
2022.09.10 09:06:52 INFO  shutting down Metals
2022.09.11 10:27:48 INFO  tracing is disabled for protocol LSP, to enable tracing of incoming and outgoing JSON messages create an empty file at /home/tim/THM/feedbacksystem/.metals/lsp.trace.json or /home/tim/.cache/metals/lsp.trace.json
2022.09.11 10:27:49 INFO  logging to file /home/tim/THM/feedbacksystem/.metals/metals.log
2022.09.11 10:27:49 INFO  Started: Metals version 0.11.8 in workspace '/home/tim/THM/feedbacksystem' for client Visual Studio Code 1.71.0.
2022.09.11 10:27:51 WARN  Flyway upgrade recommended: H2 2.1.214 is newer than this version of Flyway and support has not been tested. The latest supported version of H2 is 2.1.210.
2022.09.11 10:27:52 INFO  time: initialize in 2.15s
2022.09.11 10:27:54 WARN  Build server is not auto-connectable.
2022.09.11 10:27:54 WARN  no build target for: /home/tim/THM/feedbacksystem/modules/fbs-core/api/src/main/scala/de/thm/ii/fbs/controller/CourseController.scala
2022.09.11 10:27:54 WARN  no build target for: /home/tim/THM/feedbacksystem/modules/fbs-core/api/src/main/scala/de/thm/ii/fbs/services/persistence/CourseService.scala
2022.09.11 10:27:54 WARN  no build target for: /home/tim/THM/feedbacksystem/modules/fbs-core/api/src/main/scala/de/thm/ii/fbs/model/Course.scala
2022.09.11 10:27:55 INFO  skipping build import with status 'Requested'
2022.09.11 10:28:00 INFO  no build target found for /home/tim/THM/feedbacksystem/modules/fbs-core/api/src/main/scala/de/thm/ii/fbs/controller/CourseController.scala. Using presentation compiler with project's scala-library version: 3.1.3
2022.09.11 10:28:04 INFO  time: code lens generation in 3.98s
2022.09.11 10:28:48 WARN  no build target for: /home/tim/THM/feedbacksystem/modules/fbs-core/api/src/main/scala/de/thm/ii/fbs/controller/CourseController.scala
2022.09.11 10:30:18 WARN  no build target for: /home/tim/THM/feedbacksystem/modules/fbs-core/api/src/main/scala/de/thm/ii/fbs/controller/CourseController.scala
2022.09.11 10:30:34 INFO  shutting down Metals
2022.09.11 10:31:00 INFO  tracing is disabled for protocol LSP, to enable tracing of incoming and outgoing JSON messages create an empty file at /home/tim/THM/feedbacksystem/.metals/lsp.trace.json or /home/tim/.cache/metals/lsp.trace.json
2022.09.11 10:31:01 INFO  logging to file /home/tim/THM/feedbacksystem/.metals/metals.log
2022.09.11 10:31:01 INFO  Started: Metals version 0.11.8+38-1832a3cf-SNAPSHOT in workspace '/home/tim/THM/feedbacksystem' for client Visual Studio Code 1.71.0.
2022.09.11 10:31:03 INFO  time: initialize in 2.02s
2022.09.11 10:31:05 WARN  Build server is not auto-connectable.
2022.09.11 10:31:05 WARN  no build target for: /home/tim/THM/feedbacksystem/modules/fbs-core/api/src/main/scala/de/thm/ii/fbs/controller/CourseController.scala
2022.09.11 10:31:07 INFO  skipping build import with status 'Requested'
2022.09.11 10:31:14 INFO  no build target found for /home/tim/THM/feedbacksystem/modules/fbs-core/api/src/main/scala/de/thm/ii/fbs/controller/CourseController.scala. Using presentation compiler with project's scala-library version: 3.1.3
2022.09.11 10:31:17 INFO  time: code lens generation in 10s
2022.09.11 10:33:03 INFO  shutting down Metals
2022.09.11 10:33:17 INFO  tracing is disabled for protocol LSP, to enable tracing of incoming and outgoing JSON messages create an empty file at /home/tim/THM/feedbacksystem/.metals/lsp.trace.json or /home/tim/.cache/metals/lsp.trace.json
2022.09.11 10:33:18 INFO  logging to file /home/tim/THM/feedbacksystem/.metals/metals.log
2022.09.11 10:33:18 INFO  Started: Metals version 0.11.8 in workspace '/home/tim/THM/feedbacksystem' for client Visual Studio Code 1.71.0.
2022.09.11 10:33:20 WARN  Flyway upgrade recommended: H2 2.1.214 is newer than this version of Flyway and support has not been tested. The latest supported version of H2 is 2.1.210.
2022.09.11 10:33:21 INFO  time: initialize in 2.8s
2022.09.11 10:33:24 WARN  Build server is not auto-connectable.
2022.09.11 10:33:24 WARN  no build target for: /home/tim/THM/feedbacksystem/modules/fbs-core/api/src/main/scala/de/thm/ii/fbs/controller/CourseController.scala
2022.09.11 10:33:25 INFO  skipping build import with status 'Requested'
2022.09.11 10:33:29 INFO  no build target found for /home/tim/THM/feedbacksystem/modules/fbs-core/api/src/main/scala/de/thm/ii/fbs/controller/CourseController.scala. Using presentation compiler with project's scala-library version: 3.1.3
2022.09.11 10:33:32 INFO  time: code lens generation in 7.21s
2022.09.11 10:37:59 INFO  shutting down Metals
